11:05:09 INFO  : Registering command handlers for SDK TCF services
11:05:10 INFO  : Launching XSCT server: xsct.bat -interactive C:\Users\dehae\SynologyDrive\2223UNI\Embedded\Assignment_2\EmbeddedSystem_labs\ex5\ex5.sdk\temp_xsdb_launch_script.tcl
11:05:12 INFO  : XSCT server has started successfully.
11:05:15 INFO  : Successfully done setting XSCT server connection channel  
11:05:15 INFO  : Successfully done setting SDK workspace  
11:05:15 INFO  : Processing command line option -hwspec C:/Users/dehae/SynologyDrive/2223UNI/Embedded/Assignment_2/EmbeddedSystem_labs/ex5/ex5.sdk/system_wrapper.hdf.
11:07:36 INFO  : Connected to target on host '127.0.0.1' and port '3121'.
11:07:36 INFO  : 'targets -set -filter {jtag_cable_name =~ "Digilent Zybo 210279655443A" && level==0} -index 1' command is executed.
11:07:37 INFO  : FPGA configured successfully with bitstream "C:/Users/dehae/SynologyDrive/2223UNI/Embedded/Assignment_2/EmbeddedSystem_labs/ex5/ex5.sdk/system_wrapper_hw_platform_0/system_wrapper.bit"
11:07:47 INFO  : Inferring section assignments and sizes from elf file: C:\Users\dehae\SynologyDrive\2223UNI\Embedded\Assignment_2\EmbeddedSystem_labs\ex5\ex5.sdk\ex5\Debug\ex5.elf
11:08:07 INFO  : Processor reset is completed for ps7_cortexa9_0
11:09:36 INFO  : ps7_cortexa9_0 Processor is in use. Please stop existing Run or Debug sessions before launching.
11:09:38 INFO  : Processor reset is completed for ps7_cortexa9_0
11:12:06 INFO  : Inferring section assignments and sizes from elf file: C:\Users\dehae\SynologyDrive\2223UNI\Embedded\Assignment_2\EmbeddedSystem_labs\ex5\ex5.sdk\ex5\Debug\ex5.elf
11:14:06 INFO  : Connected to target on host '127.0.0.1' and port '3121'.
11:14:06 INFO  : 'targets -set -filter {jtag_cable_name =~ "Digilent Zybo 210279655443A" && level==0} -index 1' command is executed.
11:14:07 INFO  : FPGA configured successfully with bitstream "C:/Users/dehae/SynologyDrive/2223UNI/Embedded/Assignment_2/EmbeddedSystem_labs/ex5/ex5.sdk/system_wrapper_hw_platform_0/system_wrapper.bit"
11:14:15 INFO  : ps7_init is completed.
11:14:15 INFO  : ps7_post_config is completed.
11:14:16 INFO  : Processor reset is completed for ps7_cortexa9_0
11:30:17 INFO  : ps7_cortexa9_0 Processor is in use. Please stop existing Run or Debug sessions before launching.
11:30:20 INFO  : Processor reset is completed for ps7_cortexa9_0
11:30:54 INFO  : ps7_cortexa9_0 Processor is in use. Please stop existing Run or Debug sessions before launching.
11:31:03 INFO  : Processor reset is completed for ps7_cortexa9_0
11:32:18 INFO  : ps7_cortexa9_0 Processor is in use. Please stop existing Run or Debug sessions before launching.
11:32:34 INFO  : Processor reset is completed for ps7_cortexa9_0
11:34:05 INFO  : ps7_cortexa9_0 Processor is in use. Please stop existing Run or Debug sessions before launching.
11:34:07 INFO  : Processor reset is completed for ps7_cortexa9_0
11:34:37 INFO  : ps7_cortexa9_0 Processor is in use. Please stop existing Run or Debug sessions before launching.
11:34:39 INFO  : Processor reset is completed for ps7_cortexa9_0
11:50:12 INFO  : Connected to target on host '127.0.0.1' and port '3121'.
11:50:12 INFO  : 'targets -set -filter {jtag_cable_name =~ "Digilent Zybo 210279655443A" && level==0} -index 1' command is executed.
11:50:13 INFO  : FPGA configured successfully with bitstream "C:/Users/dehae/SynologyDrive/2223UNI/Embedded/Assignment_2/EmbeddedSystem_labs/ex5/ex5.sdk/system_wrapper_hw_platform_0/system_wrapper.bit"
11:50:19 INFO  : ps7_cortexa9_0 Processor is in use. Please stop existing Run or Debug sessions before launching.
11:50:27 INFO  : Processor reset is completed for ps7_cortexa9_0
11:53:13 INFO  : ps7_cortexa9_0 Processor is in use. Please stop existing Run or Debug sessions before launching.
11:53:16 INFO  : Processor reset is completed for ps7_cortexa9_0
11:53:41 INFO  : ps7_cortexa9_0 Processor is in use. Please stop existing Run or Debug sessions before launching.
11:53:44 INFO  : Processor reset is completed for ps7_cortexa9_0
11:59:58 INFO  : ps7_cortexa9_0 Processor is in use. Please stop existing Run or Debug sessions before launching.
12:00:00 INFO  : Processor reset is completed for ps7_cortexa9_0
12:00:29 INFO  : ps7_cortexa9_0 Processor is in use. Please stop existing Run or Debug sessions before launching.
12:00:31 INFO  : Processor reset is completed for ps7_cortexa9_0
12:22:02 ERROR : Unexpected error while parsing XMD response ?: com.google.gson.JsonSyntaxException: com.google.gson.stream.MalformedJsonException: invalid number or unquoted string near 
10:21:26 INFO  : Registering command handlers for SDK TCF services
10:21:26 INFO  : Launching XSCT server: xsct.bat -interactive C:\Users\dehae\SynologyDrive\2223UNI\Embedded\Assignment_2\EmbeddedSystem_labs\ex5\ex5.sdk\temp_xsdb_launch_script.tcl
10:21:29 INFO  : XSCT server has started successfully.
10:21:36 INFO  : Successfully done setting XSCT server connection channel  
10:21:36 INFO  : Successfully done setting SDK workspace  
10:21:36 INFO  : Processing command line option -hwspec C:/Users/dehae/SynologyDrive/2223UNI/Embedded/Assignment_2/EmbeddedSystem_labs/ex5/ex5.sdk/system_wrapper.hdf.
10:21:36 INFO  : Checking for hwspec changes in the project system_wrapper_hw_platform_0.
10:25:35 INFO  : Connected to target on host '127.0.0.1' and port '3121'.
10:25:36 INFO  : 'targets -set -filter {jtag_cable_name =~ "Digilent Zybo 210279655443A" && level==0} -index 1' command is executed.
10:25:37 INFO  : FPGA configured successfully with bitstream "C:/Users/dehae/SynologyDrive/2223UNI/Embedded/Assignment_2/EmbeddedSystem_labs/ex5/ex5.sdk/system_wrapper_hw_platform_0/system_wrapper.bit"
10:25:49 INFO  : ps7_init is completed.
10:25:49 INFO  : ps7_post_config is completed.
10:25:49 INFO  : Processor reset is completed for ps7_cortexa9_0
10:28:40 INFO  : 'targets -set -filter {jtag_cable_name =~ "Digilent Zybo 210279655443A" && level==0} -index 1' command is executed.
10:28:40 INFO  : 'fpga -state' command is executed.
10:28:40 INFO  : Connected to target on host '127.0.0.1' and port '3121'.
10:28:40 INFO  : Jtag cable 'Digilent Zybo 210279655443A' is selected.
10:28:40 INFO  : 'jtag frequency' command is executed.
10:28:40 INFO  : Sourcing of 'C:/Users/dehae/SynologyDrive/2223UNI/Embedded/Assignment_2/EmbeddedSystem_labs/ex5/ex5.sdk/system_wrapper_hw_platform_0/ps7_init.tcl' is done.
10:28:41 INFO  : Context for 'APU' is selected.
10:28:41 INFO  : Hardware design information is loaded from 'C:/Users/dehae/SynologyDrive/2223UNI/Embedded/Assignment_2/EmbeddedSystem_labs/ex5/ex5.sdk/system_wrapper_hw_platform_0/system.hdf'.
10:28:41 INFO  : 'configparams force-mem-access 1' command is executed.
10:28:41 INFO  : Context for 'APU' is selected.
10:28:41 INFO  : 'stop' command is executed.
10:28:41 ERROR : Debug context is claimed by another client
10:28:41 INFO  : ----------------XSDB Script----------------
connect -url tcp:127.0.0.1:3121
source C:/Users/dehae/SynologyDrive/2223UNI/Embedded/Assignment_2/EmbeddedSystem_labs/ex5/ex5.sdk/system_wrapper_hw_platform_0/ps7_init.tcl
targets -set -nocase -filter {name =~"APU*" && jtag_cable_name =~ "Digilent Zybo 210279655443A"} -index 0
loadhw -hw C:/Users/dehae/SynologyDrive/2223UNI/Embedded/Assignment_2/EmbeddedSystem_labs/ex5/ex5.sdk/system_wrapper_hw_platform_0/system.hdf -mem-ranges [list {0x40000000 0xbfffffff}]
configparams force-mem-access 1
targets -set -nocase -filter {name =~"APU*" && jtag_cable_name =~ "Digilent Zybo 210279655443A"} -index 0
stop
ps7_init
----------------End of Script----------------

10:29:08 INFO  : 'targets -set -filter {jtag_cable_name =~ "Digilent Zybo 210279655443A" && level==0} -index 1' command is executed.
10:29:08 INFO  : 'fpga -state' command is executed.
10:29:08 INFO  : Connected to target on host '127.0.0.1' and port '3121'.
10:29:09 INFO  : Jtag cable 'Digilent Zybo 210279655443A' is selected.
10:29:09 INFO  : 'jtag frequency' command is executed.
10:29:09 INFO  : Sourcing of 'C:/Users/dehae/SynologyDrive/2223UNI/Embedded/Assignment_2/EmbeddedSystem_labs/ex5/ex5.sdk/system_wrapper_hw_platform_0/ps7_init.tcl' is done.
10:29:09 INFO  : Context for 'APU' is selected.
10:29:09 INFO  : Hardware design information is loaded from 'C:/Users/dehae/SynologyDrive/2223UNI/Embedded/Assignment_2/EmbeddedSystem_labs/ex5/ex5.sdk/system_wrapper_hw_platform_0/system.hdf'.
10:29:09 INFO  : 'configparams force-mem-access 1' command is executed.
10:29:09 INFO  : Context for 'APU' is selected.
10:29:09 INFO  : 'stop' command is executed.
10:29:09 ERROR : Debug context is claimed by another client
10:29:09 INFO  : ----------------XSDB Script----------------
connect -url tcp:127.0.0.1:3121
source C:/Users/dehae/SynologyDrive/2223UNI/Embedded/Assignment_2/EmbeddedSystem_labs/ex5/ex5.sdk/system_wrapper_hw_platform_0/ps7_init.tcl
targets -set -nocase -filter {name =~"APU*" && jtag_cable_name =~ "Digilent Zybo 210279655443A"} -index 0
loadhw -hw C:/Users/dehae/SynologyDrive/2223UNI/Embedded/Assignment_2/EmbeddedSystem_labs/ex5/ex5.sdk/system_wrapper_hw_platform_0/system.hdf -mem-ranges [list {0x40000000 0xbfffffff}]
configparams force-mem-access 1
targets -set -nocase -filter {name =~"APU*" && jtag_cable_name =~ "Digilent Zybo 210279655443A"} -index 0
stop
ps7_init
----------------End of Script----------------

10:29:20 INFO  : Connected to target on host '127.0.0.1' and port '3121'.
10:29:20 INFO  : 'targets -set -filter {jtag_cable_name =~ "Digilent Zybo 210279655443A" && level==0} -index 1' command is executed.
10:29:21 INFO  : FPGA configured successfully with bitstream "C:/Users/dehae/SynologyDrive/2223UNI/Embedded/Assignment_2/EmbeddedSystem_labs/ex5/ex5.sdk/system_wrapper_hw_platform_0/system_wrapper.bit"
10:29:27 INFO  : 'targets -set -filter {jtag_cable_name =~ "Digilent Zybo 210279655443A" && level==0} -index 1' command is executed.
10:29:27 INFO  : 'fpga -state' command is executed.
10:29:27 INFO  : Connected to target on host '127.0.0.1' and port '3121'.
10:29:27 INFO  : Jtag cable 'Digilent Zybo 210279655443A' is selected.
10:29:27 INFO  : 'jtag frequency' command is executed.
10:29:27 INFO  : Sourcing of 'C:/Users/dehae/SynologyDrive/2223UNI/Embedded/Assignment_2/EmbeddedSystem_labs/ex5/ex5.sdk/system_wrapper_hw_platform_0/ps7_init.tcl' is done.
10:29:27 INFO  : Context for 'APU' is selected.
10:29:27 INFO  : Hardware design information is loaded from 'C:/Users/dehae/SynologyDrive/2223UNI/Embedded/Assignment_2/EmbeddedSystem_labs/ex5/ex5.sdk/system_wrapper_hw_platform_0/system.hdf'.
10:29:27 INFO  : 'configparams force-mem-access 1' command is executed.
10:29:27 INFO  : Context for 'APU' is selected.
10:29:27 INFO  : 'stop' command is executed.
10:29:28 INFO  : 'ps7_init' command is executed.
10:29:28 INFO  : 'ps7_post_config' command is executed.
10:29:28 INFO  : Context for processor 'ps7_cortexa9_0' is selected.
10:29:28 INFO  : Processor reset is completed for 'ps7_cortexa9_0'.
10:29:28 INFO  : Context for processor 'ps7_cortexa9_0' is selected.
10:29:28 INFO  : The application 'C:/Users/dehae/SynologyDrive/2223UNI/Embedded/Assignment_2/EmbeddedSystem_labs/ex5/ex5.sdk/ex5/Debug/ex5.elf' is downloaded to processor 'ps7_cortexa9_0'.
10:29:28 INFO  : 'configparams force-mem-access 0' command is executed.
10:29:28 INFO  : ----------------XSDB Script----------------
connect -url tcp:127.0.0.1:3121
source C:/Users/dehae/SynologyDrive/2223UNI/Embedded/Assignment_2/EmbeddedSystem_labs/ex5/ex5.sdk/system_wrapper_hw_platform_0/ps7_init.tcl
targets -set -nocase -filter {name =~"APU*" && jtag_cable_name =~ "Digilent Zybo 210279655443A"} -index 0
loadhw -hw C:/Users/dehae/SynologyDrive/2223UNI/Embedded/Assignment_2/EmbeddedSystem_labs/ex5/ex5.sdk/system_wrapper_hw_platform_0/system.hdf -mem-ranges [list {0x40000000 0xbfffffff}]
configparams force-mem-access 1
targets -set -nocase -filter {name =~"APU*" && jtag_cable_name =~ "Digilent Zybo 210279655443A"} -index 0
stop
ps7_init
ps7_post_config
targets -set -nocase -filter {name =~ "ARM*#0" && jtag_cable_name =~ "Digilent Zybo 210279655443A"} -index 0
rst -processor
targets -set -nocase -filter {name =~ "ARM*#0" && jtag_cable_name =~ "Digilent Zybo 210279655443A"} -index 0
dow C:/Users/dehae/SynologyDrive/2223UNI/Embedded/Assignment_2/EmbeddedSystem_labs/ex5/ex5.sdk/ex5/Debug/ex5.elf
configparams force-mem-access 0
----------------End of Script----------------

10:29:28 INFO  : Memory regions updated for context APU
10:29:28 INFO  : Context for processor 'ps7_cortexa9_0' is selected.
10:29:28 INFO  : 'con' command is executed.
10:29:28 INFO  : ----------------XSDB Script (After Launch)----------------
targets -set -nocase -filter {name =~ "ARM*#0" && jtag_cable_name =~ "Digilent Zybo 210279655443A"} -index 0
con
----------------End of Script----------------

10:29:28 INFO  : Launch script is exported to file 'C:\Users\dehae\SynologyDrive\2223UNI\Embedded\Assignment_2\EmbeddedSystem_labs\ex5\ex5.sdk\.sdk\launch_scripts\xilinx_c-c++_application_(system_debugger)\system_debugger_using_debug_ex5.elf_on_local.tcl'
10:51:01 INFO  : Disconnected from the channel tcfchan#1.
10:51:02 INFO  : 'targets -set -filter {jtag_cable_name =~ "Digilent Zybo 210279655443A" && level==0} -index 1' command is executed.
10:51:02 INFO  : 'fpga -state' command is executed.
10:51:02 INFO  : Connected to target on host '127.0.0.1' and port '3121'.
10:51:02 INFO  : Jtag cable 'Digilent Zybo 210279655443A' is selected.
10:51:02 INFO  : 'jtag frequency' command is executed.
10:51:02 INFO  : Sourcing of 'C:/Users/dehae/SynologyDrive/2223UNI/Embedded/Assignment_2/EmbeddedSystem_labs/ex5/ex5.sdk/system_wrapper_hw_platform_0/ps7_init.tcl' is done.
10:51:02 INFO  : Context for 'APU' is selected.
10:51:04 INFO  : Hardware design information is loaded from 'C:/Users/dehae/SynologyDrive/2223UNI/Embedded/Assignment_2/EmbeddedSystem_labs/ex5/ex5.sdk/system_wrapper_hw_platform_0/system.hdf'.
10:51:04 INFO  : 'configparams force-mem-access 1' command is executed.
10:51:04 INFO  : Context for 'APU' is selected.
10:51:04 INFO  : 'stop' command is executed.
10:51:05 INFO  : 'ps7_init' command is executed.
10:51:05 INFO  : 'ps7_post_config' command is executed.
10:51:05 INFO  : Context for processor 'ps7_cortexa9_0' is selected.
10:51:05 INFO  : Processor reset is completed for 'ps7_cortexa9_0'.
10:51:05 INFO  : Context for processor 'ps7_cortexa9_0' is selected.
10:51:05 INFO  : The application 'C:/Users/dehae/SynologyDrive/2223UNI/Embedded/Assignment_2/EmbeddedSystem_labs/ex5/ex5.sdk/ex5/Debug/ex5.elf' is downloaded to processor 'ps7_cortexa9_0'.
10:51:05 INFO  : 'configparams force-mem-access 0' command is executed.
10:51:05 INFO  : ----------------XSDB Script----------------
connect -url tcp:127.0.0.1:3121
source C:/Users/dehae/SynologyDrive/2223UNI/Embedded/Assignment_2/EmbeddedSystem_labs/ex5/ex5.sdk/system_wrapper_hw_platform_0/ps7_init.tcl
targets -set -nocase -filter {name =~"APU*" && jtag_cable_name =~ "Digilent Zybo 210279655443A"} -index 0
loadhw -hw C:/Users/dehae/SynologyDrive/2223UNI/Embedded/Assignment_2/EmbeddedSystem_labs/ex5/ex5.sdk/system_wrapper_hw_platform_0/system.hdf -mem-ranges [list {0x40000000 0xbfffffff}]
configparams force-mem-access 1
targets -set -nocase -filter {name =~"APU*" && jtag_cable_name =~ "Digilent Zybo 210279655443A"} -index 0
stop
ps7_init
ps7_post_config
targets -set -nocase -filter {name =~ "ARM*#0" && jtag_cable_name =~ "Digilent Zybo 210279655443A"} -index 0
rst -processor
targets -set -nocase -filter {name =~ "ARM*#0" && jtag_cable_name =~ "Digilent Zybo 210279655443A"} -index 0
dow C:/Users/dehae/SynologyDrive/2223UNI/Embedded/Assignment_2/EmbeddedSystem_labs/ex5/ex5.sdk/ex5/Debug/ex5.elf
configparams force-mem-access 0
----------------End of Script----------------

10:51:05 INFO  : Memory regions updated for context APU
10:51:05 INFO  : Context for processor 'ps7_cortexa9_0' is selected.
10:51:05 INFO  : 'con' command is executed.
10:51:05 INFO  : ----------------XSDB Script (After Launch)----------------
targets -set -nocase -filter {name =~ "ARM*#0" && jtag_cable_name =~ "Digilent Zybo 210279655443A"} -index 0
con
----------------End of Script----------------

10:51:05 INFO  : Launch script is exported to file 'C:\Users\dehae\SynologyDrive\2223UNI\Embedded\Assignment_2\EmbeddedSystem_labs\ex5\ex5.sdk\.sdk\launch_scripts\xilinx_c-c++_application_(system_debugger)\system_debugger_using_debug_ex5.elf_on_local.tcl'
11:26:47 INFO  : Disconnected from the channel tcfchan#2.
11:26:48 INFO  : 'targets -set -filter {jtag_cable_name =~ "Digilent Zybo 210279655443A" && level==0} -index 1' command is executed.
11:26:48 INFO  : 'fpga -state' command is executed.
11:26:48 INFO  : Connected to target on host '127.0.0.1' and port '3121'.
11:26:48 INFO  : Jtag cable 'Digilent Zybo 210279655443A' is selected.
11:26:48 INFO  : 'jtag frequency' command is executed.
11:26:48 INFO  : Sourcing of 'C:/Users/dehae/SynologyDrive/2223UNI/Embedded/Assignment_2/EmbeddedSystem_labs/ex5/ex5.sdk/system_wrapper_hw_platform_0/ps7_init.tcl' is done.
11:26:48 INFO  : Context for 'APU' is selected.
11:26:52 INFO  : Hardware design information is loaded from 'C:/Users/dehae/SynologyDrive/2223UNI/Embedded/Assignment_2/EmbeddedSystem_labs/ex5/ex5.sdk/system_wrapper_hw_platform_0/system.hdf'.
11:26:52 INFO  : 'configparams force-mem-access 1' command is executed.
11:26:52 INFO  : Context for 'APU' is selected.
11:26:52 INFO  : 'stop' command is executed.
11:26:53 INFO  : 'ps7_init' command is executed.
11:26:53 INFO  : 'ps7_post_config' command is executed.
11:26:54 INFO  : Context for processor 'ps7_cortexa9_0' is selected.
11:26:54 INFO  : Processor reset is completed for 'ps7_cortexa9_0'.
11:26:54 INFO  : Context for processor 'ps7_cortexa9_0' is selected.
11:26:54 INFO  : The application 'C:/Users/dehae/SynologyDrive/2223UNI/Embedded/Assignment_2/EmbeddedSystem_labs/ex5/ex5.sdk/ex5/Debug/ex5.elf' is downloaded to processor 'ps7_cortexa9_0'.
11:26:54 INFO  : 'configparams force-mem-access 0' command is executed.
11:26:54 INFO  : ----------------XSDB Script----------------
connect -url tcp:127.0.0.1:3121
source C:/Users/dehae/SynologyDrive/2223UNI/Embedded/Assignment_2/EmbeddedSystem_labs/ex5/ex5.sdk/system_wrapper_hw_platform_0/ps7_init.tcl
targets -set -nocase -filter {name =~"APU*" && jtag_cable_name =~ "Digilent Zybo 210279655443A"} -index 0
loadhw -hw C:/Users/dehae/SynologyDrive/2223UNI/Embedded/Assignment_2/EmbeddedSystem_labs/ex5/ex5.sdk/system_wrapper_hw_platform_0/system.hdf -mem-ranges [list {0x40000000 0xbfffffff}]
configparams force-mem-access 1
targets -set -nocase -filter {name =~"APU*" && jtag_cable_name =~ "Digilent Zybo 210279655443A"} -index 0
stop
ps7_init
ps7_post_config
targets -set -nocase -filter {name =~ "ARM*#0" && jtag_cable_name =~ "Digilent Zybo 210279655443A"} -index 0
rst -processor
targets -set -nocase -filter {name =~ "ARM*#0" && jtag_cable_name =~ "Digilent Zybo 210279655443A"} -index 0
dow C:/Users/dehae/SynologyDrive/2223UNI/Embedded/Assignment_2/EmbeddedSystem_labs/ex5/ex5.sdk/ex5/Debug/ex5.elf
configparams force-mem-access 0
----------------End of Script----------------

11:26:54 INFO  : Memory regions updated for context APU
11:26:54 INFO  : Context for processor 'ps7_cortexa9_0' is selected.
11:26:54 INFO  : 'con' command is executed.
11:26:54 INFO  : ----------------XSDB Script (After Launch)----------------
targets -set -nocase -filter {name =~ "ARM*#0" && jtag_cable_name =~ "Digilent Zybo 210279655443A"} -index 0
con
----------------End of Script----------------

11:26:54 INFO  : Launch script is exported to file 'C:\Users\dehae\SynologyDrive\2223UNI\Embedded\Assignment_2\EmbeddedSystem_labs\ex5\ex5.sdk\.sdk\launch_scripts\xilinx_c-c++_application_(system_debugger)\system_debugger_using_debug_ex5.elf_on_local.tcl'
11:32:19 INFO  : Disconnected from the channel tcfchan#3.
11:32:20 INFO  : 'targets -set -filter {jtag_cable_name =~ "Digilent Zybo 210279655443A" && level==0} -index 1' command is executed.
11:32:20 INFO  : 'fpga -state' command is executed.
11:32:20 INFO  : Connected to target on host '127.0.0.1' and port '3121'.
11:32:21 INFO  : Jtag cable 'Digilent Zybo 210279655443A' is selected.
11:32:21 INFO  : 'jtag frequency' command is executed.
11:32:21 INFO  : Sourcing of 'C:/Users/dehae/SynologyDrive/2223UNI/Embedded/Assignment_2/EmbeddedSystem_labs/ex5/ex5.sdk/system_wrapper_hw_platform_0/ps7_init.tcl' is done.
11:32:21 INFO  : Context for 'APU' is selected.
11:32:25 INFO  : Hardware design information is loaded from 'C:/Users/dehae/SynologyDrive/2223UNI/Embedded/Assignment_2/EmbeddedSystem_labs/ex5/ex5.sdk/system_wrapper_hw_platform_0/system.hdf'.
11:32:25 INFO  : 'configparams force-mem-access 1' command is executed.
11:32:25 INFO  : Context for 'APU' is selected.
11:32:25 INFO  : 'stop' command is executed.
11:32:27 INFO  : 'ps7_init' command is executed.
11:32:27 INFO  : 'ps7_post_config' command is executed.
11:32:27 INFO  : Context for processor 'ps7_cortexa9_0' is selected.
11:32:27 INFO  : Processor reset is completed for 'ps7_cortexa9_0'.
11:32:27 INFO  : Context for processor 'ps7_cortexa9_0' is selected.
11:32:27 INFO  : The application 'C:/Users/dehae/SynologyDrive/2223UNI/Embedded/Assignment_2/EmbeddedSystem_labs/ex5/ex5.sdk/ex5/Debug/ex5.elf' is downloaded to processor 'ps7_cortexa9_0'.
11:32:27 INFO  : 'configparams force-mem-access 0' command is executed.
11:32:27 INFO  : ----------------XSDB Script----------------
connect -url tcp:127.0.0.1:3121
source C:/Users/dehae/SynologyDrive/2223UNI/Embedded/Assignment_2/EmbeddedSystem_labs/ex5/ex5.sdk/system_wrapper_hw_platform_0/ps7_init.tcl
targets -set -nocase -filter {name =~"APU*" && jtag_cable_name =~ "Digilent Zybo 210279655443A"} -index 0
loadhw -hw C:/Users/dehae/SynologyDrive/2223UNI/Embedded/Assignment_2/EmbeddedSystem_labs/ex5/ex5.sdk/system_wrapper_hw_platform_0/system.hdf -mem-ranges [list {0x40000000 0xbfffffff}]
configparams force-mem-access 1
targets -set -nocase -filter {name =~"APU*" && jtag_cable_name =~ "Digilent Zybo 210279655443A"} -index 0
stop
ps7_init
ps7_post_config
targets -set -nocase -filter {name =~ "ARM*#0" && jtag_cable_name =~ "Digilent Zybo 210279655443A"} -index 0
rst -processor
targets -set -nocase -filter {name =~ "ARM*#0" && jtag_cable_name =~ "Digilent Zybo 210279655443A"} -index 0
dow C:/Users/dehae/SynologyDrive/2223UNI/Embedded/Assignment_2/EmbeddedSystem_labs/ex5/ex5.sdk/ex5/Debug/ex5.elf
configparams force-mem-access 0
----------------End of Script----------------

11:32:27 INFO  : Memory regions updated for context APU
11:32:28 INFO  : Context for processor 'ps7_cortexa9_0' is selected.
11:32:28 INFO  : 'con' command is executed.
11:32:28 INFO  : ----------------XSDB Script (After Launch)----------------
targets -set -nocase -filter {name =~ "ARM*#0" && jtag_cable_name =~ "Digilent Zybo 210279655443A"} -index 0
con
----------------End of Script----------------

11:32:28 INFO  : Launch script is exported to file 'C:\Users\dehae\SynologyDrive\2223UNI\Embedded\Assignment_2\EmbeddedSystem_labs\ex5\ex5.sdk\.sdk\launch_scripts\xilinx_c-c++_application_(system_debugger)\system_debugger_using_debug_ex5.elf_on_local.tcl'
11:34:01 INFO  : Disconnected from the channel tcfchan#4.
11:34:02 INFO  : 'targets -set -filter {jtag_cable_name =~ "Digilent Zybo 210279655443A" && level==0} -index 1' command is executed.
11:34:02 INFO  : 'fpga -state' command is executed.
11:34:02 INFO  : Connected to target on host '127.0.0.1' and port '3121'.
11:34:02 INFO  : Jtag cable 'Digilent Zybo 210279655443A' is selected.
11:34:02 INFO  : 'jtag frequency' command is executed.
11:34:02 INFO  : Sourcing of 'C:/Users/dehae/SynologyDrive/2223UNI/Embedded/Assignment_2/EmbeddedSystem_labs/ex5/ex5.sdk/system_wrapper_hw_platform_0/ps7_init.tcl' is done.
11:34:03 INFO  : Context for 'APU' is selected.
11:34:06 INFO  : Hardware design information is loaded from 'C:/Users/dehae/SynologyDrive/2223UNI/Embedded/Assignment_2/EmbeddedSystem_labs/ex5/ex5.sdk/system_wrapper_hw_platform_0/system.hdf'.
11:34:06 INFO  : 'configparams force-mem-access 1' command is executed.
11:34:06 INFO  : Context for 'APU' is selected.
11:34:06 INFO  : 'stop' command is executed.
11:34:08 INFO  : 'ps7_init' command is executed.
11:34:08 INFO  : 'ps7_post_config' command is executed.
11:34:08 INFO  : Context for processor 'ps7_cortexa9_0' is selected.
11:34:08 INFO  : Processor reset is completed for 'ps7_cortexa9_0'.
11:34:08 INFO  : Context for processor 'ps7_cortexa9_0' is selected.
11:34:08 INFO  : The application 'C:/Users/dehae/SynologyDrive/2223UNI/Embedded/Assignment_2/EmbeddedSystem_labs/ex5/ex5.sdk/ex5/Debug/ex5.elf' is downloaded to processor 'ps7_cortexa9_0'.
11:34:08 INFO  : 'configparams force-mem-access 0' command is executed.
11:34:08 INFO  : ----------------XSDB Script----------------
connect -url tcp:127.0.0.1:3121
source C:/Users/dehae/SynologyDrive/2223UNI/Embedded/Assignment_2/EmbeddedSystem_labs/ex5/ex5.sdk/system_wrapper_hw_platform_0/ps7_init.tcl
targets -set -nocase -filter {name =~"APU*" && jtag_cable_name =~ "Digilent Zybo 210279655443A"} -index 0
loadhw -hw C:/Users/dehae/SynologyDrive/2223UNI/Embedded/Assignment_2/EmbeddedSystem_labs/ex5/ex5.sdk/system_wrapper_hw_platform_0/system.hdf -mem-ranges [list {0x40000000 0xbfffffff}]
configparams force-mem-access 1
targets -set -nocase -filter {name =~"APU*" && jtag_cable_name =~ "Digilent Zybo 210279655443A"} -index 0
stop
ps7_init
ps7_post_config
targets -set -nocase -filter {name =~ "ARM*#0" && jtag_cable_name =~ "Digilent Zybo 210279655443A"} -index 0
rst -processor
targets -set -nocase -filter {name =~ "ARM*#0" && jtag_cable_name =~ "Digilent Zybo 210279655443A"} -index 0
dow C:/Users/dehae/SynologyDrive/2223UNI/Embedded/Assignment_2/EmbeddedSystem_labs/ex5/ex5.sdk/ex5/Debug/ex5.elf
configparams force-mem-access 0
----------------End of Script----------------

11:34:08 INFO  : Memory regions updated for context APU
11:34:09 INFO  : Context for processor 'ps7_cortexa9_0' is selected.
11:34:09 INFO  : 'con' command is executed.
11:34:09 INFO  : ----------------XSDB Script (After Launch)----------------
targets -set -nocase -filter {name =~ "ARM*#0" && jtag_cable_name =~ "Digilent Zybo 210279655443A"} -index 0
con
----------------End of Script----------------

11:34:09 INFO  : Launch script is exported to file 'C:\Users\dehae\SynologyDrive\2223UNI\Embedded\Assignment_2\EmbeddedSystem_labs\ex5\ex5.sdk\.sdk\launch_scripts\xilinx_c-c++_application_(system_debugger)\system_debugger_using_debug_ex5.elf_on_local.tcl'
11:39:53 INFO  : Disconnected from the channel tcfchan#5.
11:46:43 INFO  : 'targets -set -filter {jtag_cable_name =~ "Digilent Zybo 210279655443A" && level==0} -index 1' command is executed.
11:46:43 INFO  : 'fpga -state' command is executed.
11:46:43 INFO  : Connected to target on host '127.0.0.1' and port '3121'.
11:46:44 INFO  : Jtag cable 'Digilent Zybo 210279655443A' is selected.
11:46:44 INFO  : 'jtag frequency' command is executed.
11:46:44 INFO  : Sourcing of 'C:/Users/dehae/SynologyDrive/2223UNI/Embedded/Assignment_2/EmbeddedSystem_labs/ex5/ex5.sdk/system_wrapper_hw_platform_0/ps7_init.tcl' is done.
11:46:44 INFO  : Context for 'APU' is selected.
11:46:48 INFO  : Hardware design information is loaded from 'C:/Users/dehae/SynologyDrive/2223UNI/Embedded/Assignment_2/EmbeddedSystem_labs/ex5/ex5.sdk/system_wrapper_hw_platform_0/system.hdf'.
11:46:48 INFO  : 'configparams force-mem-access 1' command is executed.
11:46:48 INFO  : Context for 'APU' is selected.
11:46:48 INFO  : 'stop' command is executed.
11:46:50 INFO  : 'ps7_init' command is executed.
11:46:50 INFO  : 'ps7_post_config' command is executed.
11:46:50 INFO  : Context for processor 'ps7_cortexa9_0' is selected.
11:46:50 INFO  : Processor reset is completed for 'ps7_cortexa9_0'.
11:46:50 INFO  : Context for processor 'ps7_cortexa9_0' is selected.
11:46:50 INFO  : The application 'C:/Users/dehae/SynologyDrive/2223UNI/Embedded/Assignment_2/EmbeddedSystem_labs/ex5/ex5.sdk/ex5/Debug/ex5.elf' is downloaded to processor 'ps7_cortexa9_0'.
11:46:50 INFO  : 'configparams force-mem-access 0' command is executed.
11:46:50 INFO  : ----------------XSDB Script----------------
connect -url tcp:127.0.0.1:3121
source C:/Users/dehae/SynologyDrive/2223UNI/Embedded/Assignment_2/EmbeddedSystem_labs/ex5/ex5.sdk/system_wrapper_hw_platform_0/ps7_init.tcl
targets -set -nocase -filter {name =~"APU*" && jtag_cable_name =~ "Digilent Zybo 210279655443A"} -index 0
loadhw -hw C:/Users/dehae/SynologyDrive/2223UNI/Embedded/Assignment_2/EmbeddedSystem_labs/ex5/ex5.sdk/system_wrapper_hw_platform_0/system.hdf -mem-ranges [list {0x40000000 0xbfffffff}]
configparams force-mem-access 1
targets -set -nocase -filter {name =~"APU*" && jtag_cable_name =~ "Digilent Zybo 210279655443A"} -index 0
stop
ps7_init
ps7_post_config
targets -set -nocase -filter {name =~ "ARM*#0" && jtag_cable_name =~ "Digilent Zybo 210279655443A"} -index 0
rst -processor
targets -set -nocase -filter {name =~ "ARM*#0" && jtag_cable_name =~ "Digilent Zybo 210279655443A"} -index 0
dow C:/Users/dehae/SynologyDrive/2223UNI/Embedded/Assignment_2/EmbeddedSystem_labs/ex5/ex5.sdk/ex5/Debug/ex5.elf
configparams force-mem-access 0
----------------End of Script----------------

11:46:50 INFO  : Memory regions updated for context APU
11:46:50 INFO  : Context for processor 'ps7_cortexa9_0' is selected.
11:46:50 INFO  : 'con' command is executed.
11:46:50 INFO  : ----------------XSDB Script (After Launch)----------------
targets -set -nocase -filter {name =~ "ARM*#0" && jtag_cable_name =~ "Digilent Zybo 210279655443A"} -index 0
con
----------------End of Script----------------

11:46:50 INFO  : Launch script is exported to file 'C:\Users\dehae\SynologyDrive\2223UNI\Embedded\Assignment_2\EmbeddedSystem_labs\ex5\ex5.sdk\.sdk\launch_scripts\xilinx_c-c++_application_(system_debugger)\system_debugger_using_debug_ex5.elf_on_local.tcl'
11:48:00 INFO  : Disconnected from the channel tcfchan#6.
11:48:01 INFO  : 'targets -set -filter {jtag_cable_name =~ "Digilent Zybo 210279655443A" && level==0} -index 1' command is executed.
11:48:01 INFO  : 'fpga -state' command is executed.
11:48:01 INFO  : Connected to target on host '127.0.0.1' and port '3121'.
11:48:02 INFO  : Jtag cable 'Digilent Zybo 210279655443A' is selected.
11:48:02 INFO  : 'jtag frequency' command is executed.
11:48:02 INFO  : Sourcing of 'C:/Users/dehae/SynologyDrive/2223UNI/Embedded/Assignment_2/EmbeddedSystem_labs/ex5/ex5.sdk/system_wrapper_hw_platform_0/ps7_init.tcl' is done.
11:48:02 INFO  : Context for 'APU' is selected.
11:48:05 INFO  : Hardware design information is loaded from 'C:/Users/dehae/SynologyDrive/2223UNI/Embedded/Assignment_2/EmbeddedSystem_labs/ex5/ex5.sdk/system_wrapper_hw_platform_0/system.hdf'.
11:48:05 INFO  : 'configparams force-mem-access 1' command is executed.
11:48:05 INFO  : Context for 'APU' is selected.
11:48:05 INFO  : 'stop' command is executed.
11:48:07 INFO  : 'ps7_init' command is executed.
11:48:07 INFO  : 'ps7_post_config' command is executed.
11:48:07 INFO  : Context for processor 'ps7_cortexa9_0' is selected.
11:48:08 INFO  : Processor reset is completed for 'ps7_cortexa9_0'.
11:48:08 INFO  : Context for processor 'ps7_cortexa9_0' is selected.
11:48:08 INFO  : The application 'C:/Users/dehae/SynologyDrive/2223UNI/Embedded/Assignment_2/EmbeddedSystem_labs/ex5/ex5.sdk/ex5/Debug/ex5.elf' is downloaded to processor 'ps7_cortexa9_0'.
11:48:08 INFO  : 'configparams force-mem-access 0' command is executed.
11:48:08 INFO  : ----------------XSDB Script----------------
connect -url tcp:127.0.0.1:3121
source C:/Users/dehae/SynologyDrive/2223UNI/Embedded/Assignment_2/EmbeddedSystem_labs/ex5/ex5.sdk/system_wrapper_hw_platform_0/ps7_init.tcl
targets -set -nocase -filter {name =~"APU*" && jtag_cable_name =~ "Digilent Zybo 210279655443A"} -index 0
loadhw -hw C:/Users/dehae/SynologyDrive/2223UNI/Embedded/Assignment_2/EmbeddedSystem_labs/ex5/ex5.sdk/system_wrapper_hw_platform_0/system.hdf -mem-ranges [list {0x40000000 0xbfffffff}]
configparams force-mem-access 1
targets -set -nocase -filter {name =~"APU*" && jtag_cable_name =~ "Digilent Zybo 210279655443A"} -index 0
stop
ps7_init
ps7_post_config
targets -set -nocase -filter {name =~ "ARM*#0" && jtag_cable_name =~ "Digilent Zybo 210279655443A"} -index 0
rst -processor
targets -set -nocase -filter {name =~ "ARM*#0" && jtag_cable_name =~ "Digilent Zybo 210279655443A"} -index 0
dow C:/Users/dehae/SynologyDrive/2223UNI/Embedded/Assignment_2/EmbeddedSystem_labs/ex5/ex5.sdk/ex5/Debug/ex5.elf
configparams force-mem-access 0
----------------End of Script----------------

11:48:08 INFO  : Memory regions updated for context APU
11:48:08 INFO  : Context for processor 'ps7_cortexa9_0' is selected.
11:48:08 INFO  : 'con' command is executed.
11:48:08 INFO  : ----------------XSDB Script (After Launch)----------------
targets -set -nocase -filter {name =~ "ARM*#0" && jtag_cable_name =~ "Digilent Zybo 210279655443A"} -index 0
con
----------------End of Script----------------

11:48:08 INFO  : Launch script is exported to file 'C:\Users\dehae\SynologyDrive\2223UNI\Embedded\Assignment_2\EmbeddedSystem_labs\ex5\ex5.sdk\.sdk\launch_scripts\xilinx_c-c++_application_(system_debugger)\system_debugger_using_debug_ex5.elf_on_local.tcl'
11:49:44 INFO  : Disconnected from the channel tcfchan#7.
11:49:45 INFO  : 'targets -set -filter {jtag_cable_name =~ "Digilent Zybo 210279655443A" && level==0} -index 1' command is executed.
11:49:45 INFO  : 'fpga -state' command is executed.
11:49:45 INFO  : Connected to target on host '127.0.0.1' and port '3121'.
11:49:46 INFO  : Jtag cable 'Digilent Zybo 210279655443A' is selected.
11:49:46 INFO  : 'jtag frequency' command is executed.
11:49:46 INFO  : Sourcing of 'C:/Users/dehae/SynologyDrive/2223UNI/Embedded/Assignment_2/EmbeddedSystem_labs/ex5/ex5.sdk/system_wrapper_hw_platform_0/ps7_init.tcl' is done.
11:49:46 INFO  : Context for 'APU' is selected.
11:49:49 INFO  : Hardware design information is loaded from 'C:/Users/dehae/SynologyDrive/2223UNI/Embedded/Assignment_2/EmbeddedSystem_labs/ex5/ex5.sdk/system_wrapper_hw_platform_0/system.hdf'.
11:49:49 INFO  : 'configparams force-mem-access 1' command is executed.
11:49:49 INFO  : Context for 'APU' is selected.
11:49:49 INFO  : 'stop' command is executed.
11:49:51 INFO  : 'ps7_init' command is executed.
11:49:51 INFO  : 'ps7_post_config' command is executed.
11:49:51 INFO  : Context for processor 'ps7_cortexa9_0' is selected.
11:49:51 INFO  : Processor reset is completed for 'ps7_cortexa9_0'.
11:49:51 INFO  : Context for processor 'ps7_cortexa9_0' is selected.
11:49:52 INFO  : The application 'C:/Users/dehae/SynologyDrive/2223UNI/Embedded/Assignment_2/EmbeddedSystem_labs/ex5/ex5.sdk/ex5/Debug/ex5.elf' is downloaded to processor 'ps7_cortexa9_0'.
11:49:52 INFO  : 'configparams force-mem-access 0' command is executed.
11:49:52 INFO  : ----------------XSDB Script----------------
connect -url tcp:127.0.0.1:3121
source C:/Users/dehae/SynologyDrive/2223UNI/Embedded/Assignment_2/EmbeddedSystem_labs/ex5/ex5.sdk/system_wrapper_hw_platform_0/ps7_init.tcl
targets -set -nocase -filter {name =~"APU*" && jtag_cable_name =~ "Digilent Zybo 210279655443A"} -index 0
loadhw -hw C:/Users/dehae/SynologyDrive/2223UNI/Embedded/Assignment_2/EmbeddedSystem_labs/ex5/ex5.sdk/system_wrapper_hw_platform_0/system.hdf -mem-ranges [list {0x40000000 0xbfffffff}]
configparams force-mem-access 1
targets -set -nocase -filter {name =~"APU*" && jtag_cable_name =~ "Digilent Zybo 210279655443A"} -index 0
stop
ps7_init
ps7_post_config
targets -set -nocase -filter {name =~ "ARM*#0" && jtag_cable_name =~ "Digilent Zybo 210279655443A"} -index 0
rst -processor
targets -set -nocase -filter {name =~ "ARM*#0" && jtag_cable_name =~ "Digilent Zybo 210279655443A"} -index 0
dow C:/Users/dehae/SynologyDrive/2223UNI/Embedded/Assignment_2/EmbeddedSystem_labs/ex5/ex5.sdk/ex5/Debug/ex5.elf
configparams force-mem-access 0
----------------End of Script----------------

11:49:52 INFO  : Memory regions updated for context APU
11:49:52 INFO  : Context for processor 'ps7_cortexa9_0' is selected.
11:49:52 INFO  : 'con' command is executed.
11:49:52 INFO  : ----------------XSDB Script (After Launch)----------------
targets -set -nocase -filter {name =~ "ARM*#0" && jtag_cable_name =~ "Digilent Zybo 210279655443A"} -index 0
con
----------------End of Script----------------

11:49:52 INFO  : Launch script is exported to file 'C:\Users\dehae\SynologyDrive\2223UNI\Embedded\Assignment_2\EmbeddedSystem_labs\ex5\ex5.sdk\.sdk\launch_scripts\xilinx_c-c++_application_(system_debugger)\system_debugger_using_debug_ex5.elf_on_local.tcl'
11:51:20 INFO  : Disconnected from the channel tcfchan#8.
11:51:21 INFO  : 'targets -set -filter {jtag_cable_name =~ "Digilent Zybo 210279655443A" && level==0} -index 1' command is executed.
11:51:21 INFO  : 'fpga -state' command is executed.
11:51:21 INFO  : Connected to target on host '127.0.0.1' and port '3121'.
11:51:22 INFO  : Jtag cable 'Digilent Zybo 210279655443A' is selected.
11:51:22 INFO  : 'jtag frequency' command is executed.
11:51:22 INFO  : Sourcing of 'C:/Users/dehae/SynologyDrive/2223UNI/Embedded/Assignment_2/EmbeddedSystem_labs/ex5/ex5.sdk/system_wrapper_hw_platform_0/ps7_init.tcl' is done.
11:51:22 INFO  : Context for 'APU' is selected.
11:51:25 INFO  : Hardware design information is loaded from 'C:/Users/dehae/SynologyDrive/2223UNI/Embedded/Assignment_2/EmbeddedSystem_labs/ex5/ex5.sdk/system_wrapper_hw_platform_0/system.hdf'.
11:51:25 INFO  : 'configparams force-mem-access 1' command is executed.
11:51:25 INFO  : Context for 'APU' is selected.
11:51:25 INFO  : 'stop' command is executed.
11:51:27 INFO  : 'ps7_init' command is executed.
11:51:27 INFO  : 'ps7_post_config' command is executed.
11:51:27 INFO  : Context for processor 'ps7_cortexa9_0' is selected.
11:51:27 INFO  : Processor reset is completed for 'ps7_cortexa9_0'.
11:51:27 INFO  : Context for processor 'ps7_cortexa9_0' is selected.
11:51:27 INFO  : The application 'C:/Users/dehae/SynologyDrive/2223UNI/Embedded/Assignment_2/EmbeddedSystem_labs/ex5/ex5.sdk/ex5/Debug/ex5.elf' is downloaded to processor 'ps7_cortexa9_0'.
11:51:27 INFO  : 'configparams force-mem-access 0' command is executed.
11:51:27 INFO  : ----------------XSDB Script----------------
connect -url tcp:127.0.0.1:3121
source C:/Users/dehae/SynologyDrive/2223UNI/Embedded/Assignment_2/EmbeddedSystem_labs/ex5/ex5.sdk/system_wrapper_hw_platform_0/ps7_init.tcl
targets -set -nocase -filter {name =~"APU*" && jtag_cable_name =~ "Digilent Zybo 210279655443A"} -index 0
loadhw -hw C:/Users/dehae/SynologyDrive/2223UNI/Embedded/Assignment_2/EmbeddedSystem_labs/ex5/ex5.sdk/system_wrapper_hw_platform_0/system.hdf -mem-ranges [list {0x40000000 0xbfffffff}]
configparams force-mem-access 1
targets -set -nocase -filter {name =~"APU*" && jtag_cable_name =~ "Digilent Zybo 210279655443A"} -index 0
stop
ps7_init
ps7_post_config
targets -set -nocase -filter {name =~ "ARM*#0" && jtag_cable_name =~ "Digilent Zybo 210279655443A"} -index 0
rst -processor
targets -set -nocase -filter {name =~ "ARM*#0" && jtag_cable_name =~ "Digilent Zybo 210279655443A"} -index 0
dow C:/Users/dehae/SynologyDrive/2223UNI/Embedded/Assignment_2/EmbeddedSystem_labs/ex5/ex5.sdk/ex5/Debug/ex5.elf
configparams force-mem-access 0
----------------End of Script----------------

11:51:27 INFO  : Memory regions updated for context APU
11:51:28 INFO  : Context for processor 'ps7_cortexa9_0' is selected.
11:51:28 INFO  : 'con' command is executed.
11:51:28 INFO  : ----------------XSDB Script (After Launch)----------------
targets -set -nocase -filter {name =~ "ARM*#0" && jtag_cable_name =~ "Digilent Zybo 210279655443A"} -index 0
con
----------------End of Script----------------

11:51:28 INFO  : Launch script is exported to file 'C:\Users\dehae\SynologyDrive\2223UNI\Embedded\Assignment_2\EmbeddedSystem_labs\ex5\ex5.sdk\.sdk\launch_scripts\xilinx_c-c++_application_(system_debugger)\system_debugger_using_debug_ex5.elf_on_local.tcl'
11:53:34 INFO  : Disconnected from the channel tcfchan#9.
11:53:36 INFO  : 'targets -set -filter {jtag_cable_name =~ "Digilent Zybo 210279655443A" && level==0} -index 1' command is executed.
11:53:36 INFO  : 'fpga -state' command is executed.
11:53:36 INFO  : Connected to target on host '127.0.0.1' and port '3121'.
11:53:36 INFO  : Jtag cable 'Digilent Zybo 210279655443A' is selected.
11:53:36 INFO  : 'jtag frequency' command is executed.
11:53:36 INFO  : Sourcing of 'C:/Users/dehae/SynologyDrive/2223UNI/Embedded/Assignment_2/EmbeddedSystem_labs/ex5/ex5.sdk/system_wrapper_hw_platform_0/ps7_init.tcl' is done.
11:53:36 INFO  : Context for 'APU' is selected.
11:53:40 INFO  : Hardware design information is loaded from 'C:/Users/dehae/SynologyDrive/2223UNI/Embedded/Assignment_2/EmbeddedSystem_labs/ex5/ex5.sdk/system_wrapper_hw_platform_0/system.hdf'.
11:53:40 INFO  : 'configparams force-mem-access 1' command is executed.
11:53:40 INFO  : Context for 'APU' is selected.
11:53:40 INFO  : 'stop' command is executed.
11:53:42 INFO  : 'ps7_init' command is executed.
11:53:42 INFO  : 'ps7_post_config' command is executed.
11:53:42 INFO  : Context for processor 'ps7_cortexa9_0' is selected.
11:53:42 INFO  : Processor reset is completed for 'ps7_cortexa9_0'.
11:53:42 INFO  : Context for processor 'ps7_cortexa9_0' is selected.
11:53:42 INFO  : The application 'C:/Users/dehae/SynologyDrive/2223UNI/Embedded/Assignment_2/EmbeddedSystem_labs/ex5/ex5.sdk/ex5/Debug/ex5.elf' is downloaded to processor 'ps7_cortexa9_0'.
11:53:42 INFO  : 'configparams force-mem-access 0' command is executed.
11:53:42 INFO  : ----------------XSDB Script----------------
connect -url tcp:127.0.0.1:3121
source C:/Users/dehae/SynologyDrive/2223UNI/Embedded/Assignment_2/EmbeddedSystem_labs/ex5/ex5.sdk/system_wrapper_hw_platform_0/ps7_init.tcl
targets -set -nocase -filter {name =~"APU*" && jtag_cable_name =~ "Digilent Zybo 210279655443A"} -index 0
loadhw -hw C:/Users/dehae/SynologyDrive/2223UNI/Embedded/Assignment_2/EmbeddedSystem_labs/ex5/ex5.sdk/system_wrapper_hw_platform_0/system.hdf -mem-ranges [list {0x40000000 0xbfffffff}]
configparams force-mem-access 1
targets -set -nocase -filter {name =~"APU*" && jtag_cable_name =~ "Digilent Zybo 210279655443A"} -index 0
stop
ps7_init
ps7_post_config
targets -set -nocase -filter {name =~ "ARM*#0" && jtag_cable_name =~ "Digilent Zybo 210279655443A"} -index 0
rst -processor
targets -set -nocase -filter {name =~ "ARM*#0" && jtag_cable_name =~ "Digilent Zybo 210279655443A"} -index 0
dow C:/Users/dehae/SynologyDrive/2223UNI/Embedded/Assignment_2/EmbeddedSystem_labs/ex5/ex5.sdk/ex5/Debug/ex5.elf
configparams force-mem-access 0
----------------End of Script----------------

11:53:42 INFO  : Memory regions updated for context APU
11:53:42 INFO  : Context for processor 'ps7_cortexa9_0' is selected.
11:53:42 INFO  : 'con' command is executed.
11:53:42 INFO  : ----------------XSDB Script (After Launch)----------------
targets -set -nocase -filter {name =~ "ARM*#0" && jtag_cable_name =~ "Digilent Zybo 210279655443A"} -index 0
con
----------------End of Script----------------

11:53:42 INFO  : Launch script is exported to file 'C:\Users\dehae\SynologyDrive\2223UNI\Embedded\Assignment_2\EmbeddedSystem_labs\ex5\ex5.sdk\.sdk\launch_scripts\xilinx_c-c++_application_(system_debugger)\system_debugger_using_debug_ex5.elf_on_local.tcl'
11:56:38 INFO  : Disconnected from the channel tcfchan#10.
11:56:39 INFO  : 'targets -set -filter {jtag_cable_name =~ "Digilent Zybo 210279655443A" && level==0} -index 1' command is executed.
11:56:39 INFO  : 'fpga -state' command is executed.
11:56:39 INFO  : Connected to target on host '127.0.0.1' and port '3121'.
11:56:40 INFO  : Jtag cable 'Digilent Zybo 210279655443A' is selected.
11:56:40 INFO  : 'jtag frequency' command is executed.
11:56:40 INFO  : Sourcing of 'C:/Users/dehae/SynologyDrive/2223UNI/Embedded/Assignment_2/EmbeddedSystem_labs/ex5/ex5.sdk/system_wrapper_hw_platform_0/ps7_init.tcl' is done.
11:56:40 INFO  : Context for 'APU' is selected.
11:56:44 INFO  : Hardware design information is loaded from 'C:/Users/dehae/SynologyDrive/2223UNI/Embedded/Assignment_2/EmbeddedSystem_labs/ex5/ex5.sdk/system_wrapper_hw_platform_0/system.hdf'.
11:56:44 INFO  : 'configparams force-mem-access 1' command is executed.
11:56:44 INFO  : Context for 'APU' is selected.
11:56:44 INFO  : 'stop' command is executed.
11:56:46 INFO  : 'ps7_init' command is executed.
11:56:46 INFO  : 'ps7_post_config' command is executed.
11:56:46 INFO  : Context for processor 'ps7_cortexa9_0' is selected.
11:56:46 INFO  : Processor reset is completed for 'ps7_cortexa9_0'.
11:56:46 INFO  : Context for processor 'ps7_cortexa9_0' is selected.
11:56:46 INFO  : The application 'C:/Users/dehae/SynologyDrive/2223UNI/Embedded/Assignment_2/EmbeddedSystem_labs/ex5/ex5.sdk/ex5/Debug/ex5.elf' is downloaded to processor 'ps7_cortexa9_0'.
11:56:46 INFO  : 'configparams force-mem-access 0' command is executed.
11:56:46 INFO  : ----------------XSDB Script----------------
connect -url tcp:127.0.0.1:3121
source C:/Users/dehae/SynologyDrive/2223UNI/Embedded/Assignment_2/EmbeddedSystem_labs/ex5/ex5.sdk/system_wrapper_hw_platform_0/ps7_init.tcl
targets -set -nocase -filter {name =~"APU*" && jtag_cable_name =~ "Digilent Zybo 210279655443A"} -index 0
loadhw -hw C:/Users/dehae/SynologyDrive/2223UNI/Embedded/Assignment_2/EmbeddedSystem_labs/ex5/ex5.sdk/system_wrapper_hw_platform_0/system.hdf -mem-ranges [list {0x40000000 0xbfffffff}]
configparams force-mem-access 1
targets -set -nocase -filter {name =~"APU*" && jtag_cable_name =~ "Digilent Zybo 210279655443A"} -index 0
stop
ps7_init
ps7_post_config
targets -set -nocase -filter {name =~ "ARM*#0" && jtag_cable_name =~ "Digilent Zybo 210279655443A"} -index 0
rst -processor
targets -set -nocase -filter {name =~ "ARM*#0" && jtag_cable_name =~ "Digilent Zybo 210279655443A"} -index 0
dow C:/Users/dehae/SynologyDrive/2223UNI/Embedded/Assignment_2/EmbeddedSystem_labs/ex5/ex5.sdk/ex5/Debug/ex5.elf
configparams force-mem-access 0
----------------End of Script----------------

11:56:46 INFO  : Memory regions updated for context APU
11:56:46 INFO  : Context for processor 'ps7_cortexa9_0' is selected.
11:56:46 INFO  : 'con' command is executed.
11:56:46 INFO  : ----------------XSDB Script (After Launch)----------------
targets -set -nocase -filter {name =~ "ARM*#0" && jtag_cable_name =~ "Digilent Zybo 210279655443A"} -index 0
con
----------------End of Script----------------

11:56:46 INFO  : Launch script is exported to file 'C:\Users\dehae\SynologyDrive\2223UNI\Embedded\Assignment_2\EmbeddedSystem_labs\ex5\ex5.sdk\.sdk\launch_scripts\xilinx_c-c++_application_(system_debugger)\system_debugger_using_debug_ex5.elf_on_local.tcl'
12:10:38 INFO  : Disconnected from the channel tcfchan#11.
12:10:41 ERROR : Unexpected error while parsing XMD response ?: com.google.gson.JsonSyntaxException: com.google.gson.stream.MalformedJsonException: invalid number or unquoted string near 
