13:38:59 INFO  : Registering command handlers for SDK TCF services
13:39:00 INFO  : Launching XSCT server: xsct.bat -interactive C:\Users\dehae\SynologyDrive\2223UNI\Embedded\Assignment_2\EmbeddedSystem_labs\lab4\lab4.sdk\temp_xsdb_launch_script.tcl
13:39:02 INFO  : XSCT server has started successfully.
13:39:02 INFO  : Successfully done setting XSCT server connection channel  
13:39:06 INFO  : Successfully done setting SDK workspace  
13:39:06 INFO  : Processing command line option -hwspec C:/Users/dehae/SynologyDrive/2223UNI/Embedded/Assignment_2/EmbeddedSystem_labs/lab4/lab4.sdk/system_wrapper.hdf.
13:56:03 INFO  : No changes in MSS file content so not generating sources.
14:03:58 INFO  : Connected to target on host '127.0.0.1' and port '3121'.
14:03:59 INFO  : 'targets -set -filter {jtag_cable_name =~ "Digilent Zybo 210279655443A" && level==0} -index 1' command is executed.
14:04:00 INFO  : FPGA configured successfully with bitstream "C:/Users/dehae/SynologyDrive/2223UNI/Embedded/Assignment_2/EmbeddedSystem_labs/lab4/lab4.sdk/system_wrapper_hw_platform_0/system_wrapper.bit"
14:04:17 WARN  : Unable to obtain port 2350 for use by XMD, java.net.SocketException: Unrecognized Windows Sockets error: 0: JVM_Bind
14:06:23 INFO  : ps7_init is completed.
14:06:24 INFO  : ps7_post_config is completed.
14:06:24 INFO  : Processor reset is completed for ps7_cortexa9_0
14:08:10 INFO  : Inferring section assignments and sizes from elf file: C:\Users\dehae\SynologyDrive\2223UNI\Embedded\Assignment_2\EmbeddedSystem_labs\lab4\lab4.sdk\lab4\Debug\lab4.elf
14:08:37 INFO  : Successfully generated C:\Users\dehae\SynologyDrive\2223UNI\Embedded\Assignment_2\EmbeddedSystem_labs\lab4\lab4.sdk\lab4\src\lscript.ld.
14:08:37 INFO  : Applying linker script to all configurations of project lab4.
14:08:37 INFO  : Setting rebuild state to true for all configurations of project lab4.
14:25:11 INFO  : Connected to target on host '127.0.0.1' and port '3121'.
14:25:11 INFO  : 'targets -set -filter {jtag_cable_name =~ "Digilent Zybo 210279655443A" && level==0} -index 1' command is executed.
14:25:12 INFO  : FPGA configured successfully with bitstream "C:/Users/dehae/SynologyDrive/2223UNI/Embedded/Assignment_2/EmbeddedSystem_labs/lab4/lab4.sdk/system_wrapper_hw_platform_0/system_wrapper.bit"
14:25:46 ERROR : Unexpected error while launching program.
java.lang.RuntimeException: The program file specified in the launch configuration does not exist
	at com.xilinx.sdk.debug.core.XilinxAppLaunchConfigurationDelegate.runApplication(XilinxAppLaunchConfigurationDelegate.java:580)
	at com.xilinx.sdk.debug.core.XilinxAppLaunchConfigurationDelegate.launch(XilinxAppLaunchConfigurationDelegate.java:309)
	at com.xilinx.sdk.debug.ui.XilinxAppLaunchDelegateWrapper.launch(XilinxAppLaunchDelegateWrapper.java:31)
	at org.eclipse.debug.internal.core.LaunchConfiguration.launch(LaunchConfiguration.java:885)
	at org.eclipse.debug.internal.core.LaunchConfiguration.launch(LaunchConfiguration.java:739)
	at org.eclipse.debug.internal.ui.DebugUIPlugin.buildAndLaunch(DebugUIPlugin.java:1039)
	at org.eclipse.debug.internal.ui.DebugUIPlugin$8.run(DebugUIPlugin.java:1256)
	at org.eclipse.core.internal.jobs.Worker.run(Worker.java:55)
14:26:52 INFO  : Successfully generated C:\Users\dehae\SynologyDrive\2223UNI\Embedded\Assignment_2\EmbeddedSystem_labs\lab4\lab4.sdk\lab4\src\lscript.ld.
14:26:52 INFO  : Applying linker script to all configurations of project lab4.
14:26:52 INFO  : Setting rebuild state to true for all configurations of project lab4.
14:26:59 INFO  : Connected to target on host '127.0.0.1' and port '3121'.
14:26:59 INFO  : 'targets -set -filter {jtag_cable_name =~ "Digilent Zybo 210279655443A" && level==0} -index 1' command is executed.
14:27:00 INFO  : FPGA configured successfully with bitstream "C:/Users/dehae/SynologyDrive/2223UNI/Embedded/Assignment_2/EmbeddedSystem_labs/lab4/lab4.sdk/system_wrapper_hw_platform_0/system_wrapper.bit"
14:27:13 INFO  : ps7_init is completed.
14:27:14 INFO  : ps7_post_config is completed.
14:27:14 INFO  : Processor reset is completed for ps7_cortexa9_0
14:37:44 ERROR : Unexpected error while parsing XMD response ?: com.google.gson.JsonSyntaxException: com.google.gson.stream.MalformedJsonException: invalid number or unquoted string near 
14:39:11 INFO  : Registering command handlers for SDK TCF services
14:39:11 INFO  : Launching XSCT server: xsct.bat -interactive C:\Users\dehae\SynologyDrive\2223UNI\Embedded\Assignment_2\EmbeddedSystem_labs\ex3\ex3.sdk\temp_xsdb_launch_script.tcl
14:39:14 INFO  : XSCT server has started successfully.
14:39:20 INFO  : Successfully done setting XSCT server connection channel  
14:39:20 INFO  : Successfully done setting SDK workspace  
14:39:20 INFO  : Processing command line option -hwspec C:/Users/dehae/SynologyDrive/2223UNI/Embedded/Assignment_2/EmbeddedSystem_labs/ex3/ex3.sdk/system_wrapper.hdf.
10:09:12 INFO  : Registering command handlers for SDK TCF services
10:09:12 INFO  : Launching XSCT server: xsct.bat -interactive C:\Users\dehae\SynologyDrive\2223UNI\Embedded\Assignment_2\EmbeddedSystem_labs\ex3\ex3.sdk\temp_xsdb_launch_script.tcl
10:09:15 INFO  : XSCT server has started successfully.
10:09:22 INFO  : Successfully done setting XSCT server connection channel  
10:09:22 INFO  : Successfully done setting SDK workspace  
10:09:22 INFO  : Processing command line option -hwspec C:/Users/dehae/SynologyDrive/2223UNI/Embedded/Assignment_2/EmbeddedSystem_labs/ex3/ex3.sdk/system_wrapper.hdf.
10:09:22 INFO  : Checking for hwspec changes in the project system_wrapper_hw_platform_1.
10:37:16 INFO  : Registering command handlers for SDK TCF services
10:37:17 INFO  : Launching XSCT server: xsct.bat -interactive C:\Users\dehae\SynologyDrive\2223UNI\Embedded\Assignment_2\EmbeddedSystem_labs\ex3\ex3.sdk\temp_xsdb_launch_script.tcl
10:37:20 INFO  : XSCT server has started successfully.
10:37:20 INFO  : Successfully done setting XSCT server connection channel  
10:37:25 INFO  : Successfully done setting SDK workspace  
10:37:25 INFO  : Processing command line option -hwspec C:/Users/dehae/SynologyDrive/2223UNI/Embedded/Assignment_2/EmbeddedSystem_labs/ex3/ex3.sdk/system_wrapper.hdf.
10:37:25 INFO  : Checking for hwspec changes in the project system_wrapper_hw_platform_1.
10:42:10 INFO  : Connected to target on host '127.0.0.1' and port '3121'.
10:42:10 INFO  : 'targets -set -filter {jtag_cable_name =~ "Digilent Zybo 210279655443A" && level==0} -index 1' command is executed.
10:42:12 INFO  : FPGA configured successfully with bitstream "C:/Users/dehae/SynologyDrive/2223UNI/Embedded/Assignment_2/EmbeddedSystem_labs/ex3/ex3.sdk/system_wrapper_hw_platform_0/system_wrapper.bit"
10:42:29 INFO  : ps7_init is completed.
10:42:29 INFO  : ps7_post_config is completed.
10:42:29 INFO  : Processor reset is completed for ps7_cortexa9_0
10:42:59 INFO  : ps7_cortexa9_0 Processor is in use. Please stop existing Run or Debug sessions before launching.
10:43:02 INFO  : Processor reset is completed for ps7_cortexa9_0
10:44:35 INFO  : ps7_cortexa9_0 Processor is in use. Please stop existing Run or Debug sessions before launching.
10:44:38 INFO  : Processor reset is completed for ps7_cortexa9_0
